[0mGET / [36m304[0m 69.322 ms - -[0m
[0mGET /users/profile/65966ed542cf960ad6d8ab91 [36m304[0m 22.702 ms - -[0m
[0mGET / [32m200[0m 203.532 ms - 4560[0m
[0mGET /users/sign-up [36m304[0m 14.328 ms - -[0m
[0mPOST /users/create [36m302[0m 78.903 ms - 72[0m
[0mGET /users/sign-in [36m304[0m 13.009 ms - -[0m
[0mPOST /users/create-session [36m302[0m 20.042 ms - 46[0m
[0mGET / [32m200[0m 55.660 ms - 6623[0m
[0mPOST /posts/create [32m200[0m 38.061 ms - 262[0m
[0mGET / [32m200[0m 55.030 ms - 8211[0m
[0mGET /posts/destroy/65969f469cb0cbc3035d95d1 [32m200[0m 54.379 ms - 72[0m
[0mPOST /posts/create [32m200[0m 26.894 ms - 262[0m
[0mGET /posts/destroy/65969fa69cb0cbc3035d95df [32m200[0m 33.133 ms - 72[0m
[0mPOST /posts/create [32m200[0m 21.586 ms - 262[0m
[0mGET /posts/destroy/65969fb09cb0cbc3035d95e9 [32m200[0m 45.602 ms - 72[0m
[0mGET / [32m200[0m 43.977 ms - 6323[0m
[0mGET /users/sign-out [36m302[0m 26.102 ms - 46[0m
[0mGET / [32m200[0m 40.115 ms - 4996[0m
[0mGET /users/sign-up [36m304[0m 16.413 ms - -[0m
[0mGET /users/sign-in [36m304[0m 12.058 ms - -[0m
[0mGET /users/sign-in [36m304[0m 14.292 ms - -[0m
[0mPOST /users/create-session [36m302[0m 20.620 ms - 46[0m
[0mGET / [32m200[0m 48.295 ms - 6858[0m
[0mGET / [32m200[0m 36.790 ms - 6558[0m
[0mGET /users/sign-out [36m302[0m 20.480 ms - 46[0m
[0mGET / [32m200[0m 34.416 ms - 4996[0m
